<?xml version="1.0" encoding="UTF-8"?>
<testng-results ignored="0" total="1" passed="1" failed="0" skipped="0">
  <reporter-output>
  </reporter-output>
  <suite started-at="2020-12-29T15:51:05 EST" name="Default suite" finished-at="2020-12-29T15:51:29 EST" duration-ms="24306">
    <groups>
    </groups>
    <test started-at="2020-12-29T15:51:05 EST" name="Default test" finished-at="2020-12-29T15:51:29 EST" duration-ms="24306">
      <class name="dataDrivenFramework.Expedia">
        <test-method is-config="true" signature="beforeMethod()[pri:0, instance:dataDrivenFramework.Expedia@43301423]" started-at="2020-12-29T15:51:05 EST" name="beforeMethod" finished-at="2020-12-29T15:51:11 EST" duration-ms="6277" status="PASS">
          <reporter-output>
          </reporter-output>
        </test-method> <!-- beforeMethod -->
        <test-method signature="hotelRecervation()[pri:0, instance:dataDrivenFramework.Expedia@43301423]" started-at="2020-12-29T15:51:11 EST" name="hotelRecervation" finished-at="2020-12-29T15:51:28 EST" duration-ms="17137" status="PASS">
          <reporter-output>
          </reporter-output>
        </test-method> <!-- hotelRecervation -->
        <test-method is-config="true" signature="afterMethod()[pri:0, instance:dataDrivenFramework.Expedia@43301423]" started-at="2020-12-29T15:51:28 EST" name="afterMethod" finished-at="2020-12-29T15:51:29 EST" duration-ms="837" status="PASS">
          <reporter-output>
          </reporter-output>
        </test-method> <!-- afterMethod -->
      </class> <!-- dataDrivenFramework.Expedia -->
    </test> <!-- Default test -->
  </suite> <!-- Default suite -->
</testng-results>
